<?xml version="1.0" encoding="UTF-8"?>
<!-- Generated by org.testng.reporters.JUnitReportReporter -->
<testsuite hostname="IN-MH1DSW071008" name="testscripts.SearchCustSUMMARYScripts" tests="6" failures="0" timestamp="10 Nov 2017 08:20:58 GMT" time="150.396" errors="1">
  <testcase name="SearchCustmerSUMMARYTC11" time="26.699" classname="testscripts.SearchCustSUMMARYScripts"/>
  <testcase name="SearchCustmerSUMMARYTC9" time="12.247" classname="testscripts.SearchCustSUMMARYScripts"/>
  <testcase name="SearchCustmerSUMMARYTC12" time="66.662" classname="testscripts.SearchCustSUMMARYScripts"/>
  <testcase name="SearchCustmerSUMMARYTC8" time="24.500" classname="testscripts.SearchCustSUMMARYScripts">
    <error type="java.lang.Throwable" message="Steps Failed (1)
 expected [PERSONAL DETAILS
Customer ID
Live Non Paying Debt - PDCS-EX M
Mr BRIAN BAGWELL
Nationality
Home Address Verified
vA , xQ. JMdjJVq nqMv
pMSqrliY , OVUJP
PL7 1NU
Home Phone BNMRnnytCtM Verified
Mobile Phone h
Work Phone
Collection Address] but found [PERSONAL DETAILS
Customer ID
Live Non Paying Debt - PDCS-EX M
Mr BRIAN BAGWELL
Nationality
Home Address Verified
vA ,  xQ. JMdjJVq nqMv
pMSqrliY ,  OVUJP
PL7 1NU
Home Phone BNMRnnytCtM Verified
Mobile Phone h
Work Phone
Collection Address]">
      <![CDATA[java.lang.Throwable: Steps Failed (1)
 expected [PERSONAL DETAILS
Customer ID
Live Non Paying Debt - PDCS-EX M
Mr BRIAN BAGWELL
Nationality
Home Address Verified
vA , xQ. JMdjJVq nqMv
pMSqrliY , OVUJP
PL7 1NU
Home Phone BNMRnnytCtM Verified
Mobile Phone h
Work Phone
Collection Address] but found [PERSONAL DETAILS
Customer ID
Live Non Paying Debt - PDCS-EX M
Mr BRIAN BAGWELL
Nationality
Home Address Verified
vA ,  xQ. JMdjJVq nqMv
pMSqrliY ,  OVUJP
PL7 1NU
Home Phone BNMRnnytCtM Verified
Mobile Phone h
Work Phone
Collection Address]
	at reporting.ListenerClass.onTestFailure(ListenerClass.java:183)
	at org.testng.internal.Invoker.runTestListeners(Invoker.java:1686)
	at org.testng.internal.Invoker.runTestListeners(Invoker.java:1670)
	at org.testng.internal.Invoker.invokeMethod(Invoker.java:696)
	at org.testng.internal.Invoker.invokeTestMethod(Invoker.java:816)
	at org.testng.internal.Invoker.invokeTestMethods(Invoker.java:1124)
	at org.testng.internal.TestMethodWorker.invokeTestMethods(TestMethodWorker.java:125)
	at org.testng.internal.TestMethodWorker.run(TestMethodWorker.java:108)
	at org.testng.TestRunner.privateRun(TestRunner.java:774)
	at org.testng.TestRunner.run(TestRunner.java:624)
	at org.testng.SuiteRunner.runTest(SuiteRunner.java:359)
	at org.testng.SuiteRunner.runSequentially(SuiteRunner.java:354)
	at org.testng.SuiteRunner.privateRun(SuiteRunner.java:312)
	at org.testng.SuiteRunner.run(SuiteRunner.java:261)
	at org.testng.SuiteRunnerWorker.runSuite(SuiteRunnerWorker.java:52)
	at org.testng.SuiteRunnerWorker.run(SuiteRunnerWorker.java:86)
	at org.testng.TestNG.runSuitesSequentially(TestNG.java:1215)
	at org.testng.TestNG.runSuitesLocally(TestNG.java:1140)
	at org.testng.TestNG.run(TestNG.java:1048)
	at org.testng.remote.AbstractRemoteTestNG.run(AbstractRemoteTestNG.java:114)
	at org.testng.remote.RemoteTestNG.initAndRun(RemoteTestNG.java:251)
	at org.testng.remote.RemoteTestNG.main(RemoteTestNG.java:77)
]]>
    </error>
  </testcase> <!-- SearchCustmerSUMMARYTC8 -->
  <testcase name="SearchCustmerSUMMARYTC10" time="11.089" classname="testscripts.SearchCustSUMMARYScripts"/>
  <testcase name="SearchCustmerSUMMARYTC13" time="9.199" classname="testscripts.SearchCustSUMMARYScripts"/>
</testsuite> <!-- testscripts.SearchCustSUMMARYScripts -->
