<?xml version="1.0" encoding="UTF-8"?>
<!-- Generated by org.testng.reporters.JUnitReportReporter -->
<testsuite hostname="IN-MH1DSW071008" name="testscripts.SearchCustTransactionScripts" tests="1" failures="0" timestamp="10 Nov 2017 04:43:52 GMT" time="15.223" errors="0">
  <testcase name="SearchCustTransactionTC28" time="15.223" classname="testscripts.SearchCustTransactionScripts"/>
</testsuite> <!-- testscripts.SearchCustTransactionScripts -->
