<?xml version="1.0" encoding="UTF-8"?>
<!-- Generated by org.testng.reporters.JUnitReportReporter -->
<testsuite hostname="IN-MH1DSW071008" name="testscripts.SetupCustomerScripts" tests="1" failures="0" timestamp="16 Nov 2017 11:17:53 GMT" time="33.205" errors="0">
  <testcase name="SetupCustomerTC35" time="33.205" classname="testscripts.SetupCustomerScripts"/>
</testsuite> <!-- testscripts.SetupCustomerScripts -->
