<?xml version="1.0" encoding="UTF-8"?>
<!-- Generated by org.testng.reporters.JUnitReportReporter -->
<testsuite hostname="IN-MH1DSW071032" name="testscripts.MAPLogINScripts" tests="1" failures="0" timestamp="29 Nov 2017 05:44:20 GMT" time="121.613" errors="0">
  <testcase name="logInToMAPApp" time="121.613" classname="testscripts.MAPLogINScripts"/>
</testsuite> <!-- testscripts.MAPLogINScripts -->
