<?xml version="1.0" encoding="UTF-8"?>
<!-- Generated by org.testng.reporters.JUnitReportReporter -->
<testsuite hostname="IN-MH1DSW071008" name="testscripts.SearchCustomerStatementScripts" tests="1" failures="0" timestamp="6 Nov 2017 09:01:19 GMT" time="29.766" errors="0">
  <testcase name="SearchCustomerStatementTC21" time="29.766" classname="testscripts.SearchCustomerStatementScripts"/>
</testsuite> <!-- testscripts.SearchCustomerStatementScripts -->
