<?xml version="1.0" encoding="UTF-8"?>
<!-- Generated by org.testng.reporters.JUnitReportReporter -->
<testsuite skipped="0" hostname="DESKTOP-MCNIVSJ" name="testscripts.TestExcel" tests="1" failures="0" timestamp="11 Nov 2018 06:53:22 GMT" time="441.208" errors="0">
  <testcase name="testExcel" time="441.208" classname="testscripts.TestExcel"/>
</testsuite> <!-- testscripts.TestExcel -->
