<?xml version="1.0" encoding="UTF-8"?>
<!-- Generated by org.testng.reporters.JUnitReportReporter -->
<testsuite hostname="IN-MH1DSW071008" name="testscripts.SearchStaffScripts" tests="1" failures="0" timestamp="17 Oct 2017 05:12:00 GMT" time="10.400" errors="0">
  <testcase name="SearchStaff" time="10.400" classname="testscripts.SearchStaffScripts"/>
</testsuite> <!-- testscripts.SearchStaffScripts -->
